{"/Users/hienphung/ReactProjects/JobManagement/src/components/calendar/Calendar.js": {"path":"/Users/hienphung/ReactProjects/JobManagement/src/components/calendar/Calendar.js","statementMap":{"0":{"start":{"line":1,"column":42},"end":{"line":1,"column":97}},"1":{"start":{"line":1,"column":128},"end":{"line":1,"column":184}},"2":{"start":{"line":1,"column":185},"end":{"line":1,"column":247}},"3":{"start":{"line":1,"column":247},"end":{"line":1,"column":272}},"4":{"start":{"line":1,"column":295},"end":{"line":1,"column":367}},"5":{"start":{"line":1,"column":388},"end":{"line":1,"column":457}},"6":{"start":{"line":1,"column":492},"end":{"line":1,"column":575}},"7":{"start":{"line":1,"column":599},"end":{"line":1,"column":671}},"8":{"start":{"line":1,"column":689},"end":{"line":1,"column":755}},"9":{"start":{"line":1,"column":769},"end":{"line":1,"column":810}},"10":{"start":{"line":2,"column":19},"end":{"line":2,"column":42}},"11":{"start":{"line":3,"column":14},"end":{"line":3,"column":57}},"12":{"start":{"line":4,"column":17},"end":{"line":4,"column":62}},"13":{"start":{"line":4,"column":82},"end":{"line":4,"column":164}},"14":{"start":{"line":6,"column":11},"end":{"line":55,"column":45}},"15":{"start":{"line":6,"column":34},"end":{"line":6,"column":80}},"16":{"start":{"line":12,"column":28},"end":{"line":12,"column":74}},"17":{"start":{"line":12,"column":74},"end":{"line":13,"column":12}},"18":{"start":{"line":14,"column":3},"end":{"line":55,"column":10}},"19":{"start":{"line":17,"column":20},"end":{"line":17,"column":42}},"20":{"start":{"line":18,"column":6},"end":{"line":28,"column":7}},"21":{"start":{"line":19,"column":8},"end":{"line":24,"column":159}},"22":{"start":{"line":21,"column":14},"end":{"line":21,"column":54}},"23":{"start":{"line":29,"column":6},"end":{"line":31,"column":164}},"24":{"start":{"line":36,"column":17},"end":{"line":36,"column":21}},"25":{"start":{"line":37,"column":13},"end":{"line":37,"column":28}},"26":{"start":{"line":38,"column":6},"end":{"line":53,"column":7}},"27":{"start":{"line":39,"column":8},"end":{"line":49,"column":15}},"28":{"start":{"line":43,"column":12},"end":{"line":46,"column":52}},"29":{"start":{"line":54,"column":6},"end":{"line":54,"column":18}},"30":{"start":{"line":55,"column":10},"end":{"line":55,"column":26}},"31":{"start":{"line":55,"column":46},"end":{"line":55,"column":73}},"32":{"start":{"line":55,"column":73},"end":{"line":55,"column":158}}},"fnMap":{"0":{"name":"(anonymous_0)","decl":{"start":{"line":6,"column":11},"end":{"line":6,"column":12}},"loc":{"start":{"line":6,"column":33},"end":{"line":55,"column":27}},"line":6},"1":{"name":"Calendar","decl":{"start":{"line":12,"column":11},"end":{"line":12,"column":19}},"loc":{"start":{"line":12,"column":27},"end":{"line":14,"column":3}},"line":12},"2":{"name":"renderDate","decl":{"start":{"line":14,"column":78},"end":{"line":14,"column":88}},"loc":{"start":{"line":16,"column":18},"end":{"line":34,"column":5}},"line":16},"3":{"name":"onPress","decl":{"start":{"line":20,"column":90},"end":{"line":20,"column":97}},"loc":{"start":{"line":20,"column":100},"end":{"line":22,"column":13}},"line":20},"4":{"name":"render","decl":{"start":{"line":34,"column":42},"end":{"line":34,"column":48}},"loc":{"start":{"line":36,"column":4},"end":{"line":55,"column":5}},"line":36},"5":{"name":"(anonymous_5)","decl":{"start":{"line":42,"column":19},"end":{"line":42,"column":20}},"loc":{"start":{"line":42,"column":43},"end":{"line":49,"column":11}},"line":42}},"branchMap":{"0":{"loc":{"start":{"line":18,"column":6},"end":{"line":28,"column":7}},"type":"if","locations":[{"start":{"line":18,"column":6},"end":{"line":28,"column":7}},{"start":{"line":18,"column":6},"end":{"line":28,"column":7}}],"line":18},"1":{"loc":{"start":{"line":21,"column":14},"end":{"line":21,"column":53}},"type":"cond-expr","locations":[{"start":{"line":21,"column":28},"end":{"line":21,"column":46}},{"start":{"line":21,"column":49},"end":{"line":21,"column":53}}],"line":21},"2":{"loc":{"start":{"line":38,"column":6},"end":{"line":53,"column":7}},"type":"if","locations":[{"start":{"line":38,"column":6},"end":{"line":53,"column":7}},{"start":{"line":38,"column":6},"end":{"line":53,"column":7}}],"line":38}},"s":{"0":2,"1":2,"2":2,"3":2,"4":2,"5":2,"6":2,"7":2,"8":2,"9":2,"10":2,"11":2,"12":2,"13":2,"14":2,"15":2,"16":1,"17":1,"18":2,"19":0,"20":0,"21":0,"22":0,"23":0,"24":1,"25":1,"26":1,"27":0,"28":0,"29":1,"30":2,"31":2,"32":2},"f":{"0":2,"1":1,"2":0,"3":0,"4":1,"5":0},"b":{"0":[0,0],"1":[0,0],"2":[0,1]},"_coverageSchema":"43e27e138ebf9cfc5966b082cf9a028302ed4184","hash":"c9adc10de9f94de01c598ea40483c27c7bf37acf"}
,"/Users/hienphung/ReactProjects/JobManagement/src/components/calendar/styles.js": {"path":"/Users/hienphung/ReactProjects/JobManagement/src/components/calendar/styles.js","statementMap":{"0":{"start":{"line":1,"column":42},"end":{"line":1,"column":97}},"1":{"start":{"line":1,"column":98},"end":{"line":1,"column":160}},"2":{"start":{"line":1,"column":160},"end":{"line":1,"column":185}},"3":{"start":{"line":1,"column":204},"end":{"line":1,"column":227}},"4":{"start":{"line":2,"column":16},"end":{"line":2,"column":71}},"5":{"start":{"line":4,"column":13},"end":{"line":35,"column":26}},"6":{"start":{"line":39,"column":0},"end":{"line":39,"column":6}},"7":{"start":{"line":39,"column":7},"end":{"line":39,"column":34}}},"fnMap":{},"branchMap":{},"s":{"0":2,"1":2,"2":2,"3":2,"4":2,"5":2,"6":2,"7":2},"f":{},"b":{},"_coverageSchema":"43e27e138ebf9cfc5966b082cf9a028302ed4184","hash":"c5eb959d35b2d721229f70c8dfcb867d57ac3633"}
,"/Users/hienphung/ReactProjects/JobManagement/src/components/job-section/JobSection.js": {"path":"/Users/hienphung/ReactProjects/JobManagement/src/components/job-section/JobSection.js","statementMap":{"0":{"start":{"line":1,"column":42},"end":{"line":1,"column":97}},"1":{"start":{"line":1,"column":128},"end":{"line":1,"column":184}},"2":{"start":{"line":1,"column":185},"end":{"line":1,"column":247}},"3":{"start":{"line":1,"column":247},"end":{"line":1,"column":272}},"4":{"start":{"line":1,"column":295},"end":{"line":1,"column":367}},"5":{"start":{"line":1,"column":388},"end":{"line":1,"column":457}},"6":{"start":{"line":1,"column":492},"end":{"line":1,"column":575}},"7":{"start":{"line":1,"column":599},"end":{"line":1,"column":671}},"8":{"start":{"line":1,"column":702},"end":{"line":1,"column":781}},"9":{"start":{"line":1,"column":799},"end":{"line":1,"column":865}},"10":{"start":{"line":1,"column":879},"end":{"line":1,"column":920}},"11":{"start":{"line":2,"column":19},"end":{"line":2,"column":42}},"12":{"start":{"line":3,"column":17},"end":{"line":3,"column":87}},"13":{"start":{"line":4,"column":19},"end":{"line":4,"column":91}},"14":{"start":{"line":5,"column":31},"end":{"line":5,"column":92}},"15":{"start":{"line":6,"column":14},"end":{"line":6,"column":57}},"16":{"start":{"line":6,"column":77},"end":{"line":6,"column":164}},"17":{"start":{"line":8,"column":0},"end":{"line":8,"column":37}},"18":{"start":{"line":8,"column":52},"end":{"line":8,"column":73}},"19":{"start":{"line":11,"column":13},"end":{"line":77,"column":47}},"20":{"start":{"line":11,"column":36},"end":{"line":11,"column":84}},"21":{"start":{"line":13,"column":40},"end":{"line":13,"column":88}},"22":{"start":{"line":14,"column":4},"end":{"line":14,"column":120}},"23":{"start":{"line":16,"column":4},"end":{"line":17,"column":24}},"24":{"start":{"line":20,"column":4},"end":{"line":20,"column":90}},"25":{"start":{"line":20,"column":90},"end":{"line":20,"column":103}},"26":{"start":{"line":21,"column":3},"end":{"line":77,"column":10}},"27":{"start":{"line":23,"column":16},"end":{"line":23,"column":25}},"28":{"start":{"line":23,"column":34},"end":{"line":23,"column":44}},"29":{"start":{"line":24,"column":6},"end":{"line":24,"column":16}},"30":{"start":{"line":24,"column":31},"end":{"line":24,"column":54}},"31":{"start":{"line":24,"column":70},"end":{"line":24,"column":94}},"32":{"start":{"line":25,"column":6},"end":{"line":54,"column":155}},"33":{"start":{"line":28,"column":12},"end":{"line":28,"column":66}},"34":{"start":{"line":61,"column":18},"end":{"line":61,"column":22}},"35":{"start":{"line":62,"column":6},"end":{"line":62,"column":16}},"36":{"start":{"line":62,"column":24},"end":{"line":62,"column":41}},"37":{"start":{"line":62,"column":59},"end":{"line":62,"column":86}},"38":{"start":{"line":63,"column":6},"end":{"line":76,"column":7}},"39":{"start":{"line":64,"column":8},"end":{"line":74,"column":72}},"40":{"start":{"line":73,"column":14},"end":{"line":73,"column":55}},"41":{"start":{"line":77,"column":10},"end":{"line":77,"column":28}},"42":{"start":{"line":77,"column":48},"end":{"line":77,"column":77}}},"fnMap":{"0":{"name":"(anonymous_0)","decl":{"start":{"line":11,"column":13},"end":{"line":11,"column":14}},"loc":{"start":{"line":11,"column":35},"end":{"line":77,"column":29}},"line":11},"1":{"name":"JobSection","decl":{"start":{"line":13,"column":11},"end":{"line":13,"column":21}},"loc":{"start":{"line":13,"column":29},"end":{"line":21,"column":3}},"line":13},"2":{"name":"renderItem","decl":{"start":{"line":21,"column":80},"end":{"line":21,"column":90}},"loc":{"start":{"line":23,"column":4},"end":{"line":59,"column":5}},"line":23},"3":{"name":"onPress","decl":{"start":{"line":27,"column":96},"end":{"line":27,"column":103}},"loc":{"start":{"line":27,"column":106},"end":{"line":29,"column":11}},"line":27},"4":{"name":"render","decl":{"start":{"line":59,"column":42},"end":{"line":59,"column":48}},"loc":{"start":{"line":61,"column":4},"end":{"line":77,"column":5}},"line":61},"5":{"name":"onSnapToItem","decl":{"start":{"line":72,"column":35},"end":{"line":72,"column":47}},"loc":{"start":{"line":72,"column":55},"end":{"line":74,"column":13}},"line":72}},"branchMap":{"0":{"loc":{"start":{"line":28,"column":12},"end":{"line":28,"column":65}},"type":"cond-expr","locations":[{"start":{"line":28,"column":26},"end":{"line":28,"column":58}},{"start":{"line":28,"column":61},"end":{"line":28,"column":65}}],"line":28},"1":{"loc":{"start":{"line":34,"column":8},"end":{"line":37,"column":193}},"type":"cond-expr","locations":[{"start":{"line":35,"column":8},"end":{"line":35,"column":192}},{"start":{"line":37,"column":8},"end":{"line":37,"column":193}}],"line":34},"2":{"loc":{"start":{"line":51,"column":8},"end":{"line":51,"column":191}},"type":"cond-expr","locations":[{"start":{"line":51,"column":26},"end":{"line":51,"column":184}},{"start":{"line":51,"column":187},"end":{"line":51,"column":191}}],"line":51},"3":{"loc":{"start":{"line":63,"column":6},"end":{"line":76,"column":7}},"type":"if","locations":[{"start":{"line":63,"column":6},"end":{"line":76,"column":7}},{"start":{"line":63,"column":6},"end":{"line":76,"column":7}}],"line":63},"4":{"loc":{"start":{"line":63,"column":10},"end":{"line":63,"column":33}},"type":"binary-expr","locations":[{"start":{"line":63,"column":10},"end":{"line":63,"column":14}},{"start":{"line":63,"column":18},"end":{"line":63,"column":33}}],"line":63}},"s":{"0":2,"1":2,"2":2,"3":2,"4":2,"5":2,"6":2,"7":2,"8":2,"9":2,"10":2,"11":2,"12":2,"13":2,"14":2,"15":2,"16":2,"17":2,"18":2,"19":2,"20":2,"21":1,"22":1,"23":1,"24":1,"25":1,"26":2,"27":0,"28":0,"29":0,"30":0,"31":0,"32":0,"33":0,"34":1,"35":1,"36":1,"37":1,"38":1,"39":0,"40":0,"41":2,"42":2},"f":{"0":2,"1":1,"2":0,"3":0,"4":1,"5":0},"b":{"0":[0,0],"1":[0,0],"2":[0,0],"3":[0,1],"4":[1,0]},"_coverageSchema":"43e27e138ebf9cfc5966b082cf9a028302ed4184","hash":"82bfb37a110f7a46d11aa9f63dabd57c83864762"}
,"/Users/hienphung/ReactProjects/JobManagement/src/components/job-section/styles.js": {"path":"/Users/hienphung/ReactProjects/JobManagement/src/components/job-section/styles.js","statementMap":{"0":{"start":{"line":1,"column":42},"end":{"line":1,"column":97}},"1":{"start":{"line":1,"column":98},"end":{"line":1,"column":160}},"2":{"start":{"line":1,"column":160},"end":{"line":1,"column":185}},"3":{"start":{"line":1,"column":204},"end":{"line":1,"column":227}},"4":{"start":{"line":2,"column":16},"end":{"line":2,"column":71}},"5":{"start":{"line":4,"column":13},"end":{"line":108,"column":18}},"6":{"start":{"line":112,"column":0},"end":{"line":112,"column":6}},"7":{"start":{"line":112,"column":7},"end":{"line":112,"column":34}}},"fnMap":{},"branchMap":{},"s":{"0":2,"1":2,"2":2,"3":2,"4":2,"5":2,"6":2,"7":2},"f":{},"b":{},"_coverageSchema":"43e27e138ebf9cfc5966b082cf9a028302ed4184","hash":"2ea8874c4c898dbfb1a71b3e0c171414cdb813ab"}
,"/Users/hienphung/ReactProjects/JobManagement/src/redux/jobs/action-types.js": {"path":"/Users/hienphung/ReactProjects/JobManagement/src/redux/jobs/action-types.js","statementMap":{"0":{"start":{"line":1,"column":13},"end":{"line":1,"column":75}},"1":{"start":{"line":1,"column":75},"end":{"line":1,"column":100}},"2":{"start":{"line":1,"column":119},"end":{"line":5,"column":37}},"3":{"start":{"line":8,"column":0},"end":{"line":8,"column":12}},"4":{"start":{"line":8,"column":13},"end":{"line":8,"column":40}}},"fnMap":{},"branchMap":{},"s":{"0":1,"1":1,"2":1,"3":1,"4":1},"f":{},"b":{},"_coverageSchema":"43e27e138ebf9cfc5966b082cf9a028302ed4184","hash":"6073f580e9573d44e59645da2245b708ebff146e"}
,"/Users/hienphung/ReactProjects/JobManagement/src/redux/jobs/actions.js": {"path":"/Users/hienphung/ReactProjects/JobManagement/src/redux/jobs/actions.js","statementMap":{"0":{"start":{"line":1,"column":42},"end":{"line":1,"column":97}},"1":{"start":{"line":1,"column":98},"end":{"line":1,"column":160}},"2":{"start":{"line":1,"column":160},"end":{"line":1,"column":276}},"3":{"start":{"line":1,"column":295},"end":{"line":1,"column":344}},"4":{"start":{"line":3,"column":22},"end":{"line":5,"column":21}},"5":{"start":{"line":3,"column":54},"end":{"line":5,"column":20}},"6":{"start":{"line":5,"column":22},"end":{"line":5,"column":64}},"7":{"start":{"line":8,"column":31},"end":{"line":10,"column":22}},"8":{"start":{"line":8,"column":73},"end":{"line":10,"column":21}},"9":{"start":{"line":10,"column":23},"end":{"line":10,"column":83}},"10":{"start":{"line":13,"column":23},"end":{"line":15,"column":23}},"11":{"start":{"line":13,"column":58},"end":{"line":15,"column":22}},"12":{"start":{"line":15,"column":24},"end":{"line":15,"column":68}},"13":{"start":{"line":18,"column":17},"end":{"line":20,"column":24}},"14":{"start":{"line":18,"column":47},"end":{"line":20,"column":23}},"15":{"start":{"line":20,"column":25},"end":{"line":20,"column":57}}},"fnMap":{"0":{"name":"setCalendarData","decl":{"start":{"line":3,"column":31},"end":{"line":3,"column":46}},"loc":{"start":{"line":3,"column":53},"end":{"line":5,"column":21}},"line":3},"1":{"name":"setCalendarSelectedIndex","decl":{"start":{"line":8,"column":40},"end":{"line":8,"column":64}},"loc":{"start":{"line":8,"column":72},"end":{"line":10,"column":22}},"line":8},"2":{"name":"setJobListImages","decl":{"start":{"line":13,"column":32},"end":{"line":13,"column":48}},"loc":{"start":{"line":13,"column":57},"end":{"line":15,"column":23}},"line":13},"3":{"name":"setJobList","decl":{"start":{"line":18,"column":26},"end":{"line":18,"column":36}},"loc":{"start":{"line":18,"column":46},"end":{"line":20,"column":24}},"line":18}},"branchMap":{},"s":{"0":1,"1":1,"2":1,"3":1,"4":1,"5":0,"6":1,"7":1,"8":0,"9":1,"10":1,"11":0,"12":1,"13":1,"14":0,"15":1},"f":{"0":0,"1":0,"2":0,"3":0},"b":{},"_coverageSchema":"43e27e138ebf9cfc5966b082cf9a028302ed4184","hash":"9a9bd24722c816f37dbb49250df4b0db9f19351e"}
,"/Users/hienphung/ReactProjects/JobManagement/src/screens/job-detail/JobDetailScreen.js": {"path":"/Users/hienphung/ReactProjects/JobManagement/src/screens/job-detail/JobDetailScreen.js","statementMap":{"0":{"start":{"line":1,"column":42},"end":{"line":1,"column":97}},"1":{"start":{"line":1,"column":128},"end":{"line":1,"column":184}},"2":{"start":{"line":1,"column":185},"end":{"line":1,"column":247}},"3":{"start":{"line":1,"column":247},"end":{"line":1,"column":272}},"4":{"start":{"line":1,"column":295},"end":{"line":1,"column":367}},"5":{"start":{"line":1,"column":388},"end":{"line":1,"column":457}},"6":{"start":{"line":1,"column":492},"end":{"line":1,"column":575}},"7":{"start":{"line":1,"column":599},"end":{"line":1,"column":671}},"8":{"start":{"line":1,"column":689},"end":{"line":1,"column":755}},"9":{"start":{"line":1,"column":769},"end":{"line":1,"column":810}},"10":{"start":{"line":2,"column":19},"end":{"line":2,"column":42}},"11":{"start":{"line":3,"column":14},"end":{"line":3,"column":57}},"12":{"start":{"line":4,"column":18},"end":{"line":4,"column":40}},"13":{"start":{"line":5,"column":19},"end":{"line":5,"column":91}},"14":{"start":{"line":6,"column":17},"end":{"line":6,"column":87}},"15":{"start":{"line":7,"column":21},"end":{"line":7,"column":95}},"16":{"start":{"line":8,"column":30},"end":{"line":8,"column":113}},"17":{"start":{"line":10,"column":16},"end":{"line":10,"column":71}},"18":{"start":{"line":10,"column":91},"end":{"line":10,"column":179}},"19":{"start":{"line":12,"column":18},"end":{"line":75,"column":52}},"20":{"start":{"line":12,"column":41},"end":{"line":12,"column":94}},"21":{"start":{"line":12,"column":122},"end":{"line":12,"column":175}},"22":{"start":{"line":12,"column":175},"end":{"line":12,"column":300}},"23":{"start":{"line":12,"column":301},"end":{"line":75,"column":10}},"24":{"start":{"line":23,"column":13},"end":{"line":23,"column":59}},"25":{"start":{"line":24,"column":6},"end":{"line":71,"column":149}},"26":{"start":{"line":75,"column":10},"end":{"line":75,"column":33}},"27":{"start":{"line":75,"column":53},"end":{"line":75,"column":256}},"28":{"start":{"line":75,"column":123},"end":{"line":75,"column":138}},"29":{"start":{"line":75,"column":157},"end":{"line":75,"column":192}},"30":{"start":{"line":75,"column":193},"end":{"line":75,"column":254}},"31":{"start":{"line":75,"column":217},"end":{"line":75,"column":253}},"32":{"start":{"line":78,"column":22},"end":{"line":78,"column":66}},"33":{"start":{"line":78,"column":55},"end":{"line":78,"column":65}},"34":{"start":{"line":80,"column":0},"end":{"line":80,"column":58}},"35":{"start":{"line":80,"column":59},"end":{"line":80,"column":86}}},"fnMap":{"0":{"name":"(anonymous_0)","decl":{"start":{"line":12,"column":18},"end":{"line":12,"column":19}},"loc":{"start":{"line":12,"column":40},"end":{"line":75,"column":34}},"line":12},"1":{"name":"JobDetailScreen","decl":{"start":{"line":12,"column":103},"end":{"line":12,"column":118}},"loc":{"start":{"line":12,"column":121},"end":{"line":12,"column":301}},"line":12},"2":{"name":"render","decl":{"start":{"line":12,"column":379},"end":{"line":12,"column":385}},"loc":{"start":{"line":22,"column":4},"end":{"line":75,"column":5}},"line":22},"3":{"name":"(anonymous_3)","decl":{"start":{"line":75,"column":89},"end":{"line":75,"column":90}},"loc":{"start":{"line":75,"column":105},"end":{"line":75,"column":255}},"line":75},"4":{"name":"mapStateToProps","decl":{"start":{"line":78,"column":31},"end":{"line":78,"column":46}},"loc":{"start":{"line":78,"column":54},"end":{"line":78,"column":66}},"line":78}},"branchMap":{"0":{"loc":{"start":{"line":33,"column":8},"end":{"line":33,"column":191}},"type":"cond-expr","locations":[{"start":{"line":33,"column":26},"end":{"line":33,"column":184}},{"start":{"line":33,"column":187},"end":{"line":33,"column":191}}],"line":33},"1":{"loc":{"start":{"line":38,"column":8},"end":{"line":41,"column":193}},"type":"cond-expr","locations":[{"start":{"line":39,"column":8},"end":{"line":39,"column":192}},{"start":{"line":41,"column":8},"end":{"line":41,"column":193}}],"line":38},"2":{"loc":{"start":{"line":75,"column":193},"end":{"line":75,"column":254}},"type":"if","locations":[{"start":{"line":75,"column":193},"end":{"line":75,"column":254}},{"start":{"line":75,"column":193},"end":{"line":75,"column":254}}],"line":75}},"s":{"0":1,"1":1,"2":1,"3":1,"4":1,"5":1,"6":1,"7":1,"8":1,"9":1,"10":1,"11":1,"12":1,"13":1,"14":1,"15":1,"16":1,"17":1,"18":1,"19":1,"20":1,"21":0,"22":0,"23":1,"24":0,"25":0,"26":1,"27":1,"28":0,"29":0,"30":0,"31":0,"32":1,"33":0,"34":1,"35":1},"f":{"0":1,"1":0,"2":0,"3":0,"4":0},"b":{"0":[0,0],"1":[0,0],"2":[0,0]},"_coverageSchema":"43e27e138ebf9cfc5966b082cf9a028302ed4184","hash":"c9c9aa507ba9b59bc76370cc10305573f8f6ff55"}
,"/Users/hienphung/ReactProjects/JobManagement/src/screens/job-detail/styles.js": {"path":"/Users/hienphung/ReactProjects/JobManagement/src/screens/job-detail/styles.js","statementMap":{"0":{"start":{"line":1,"column":42},"end":{"line":1,"column":97}},"1":{"start":{"line":1,"column":98},"end":{"line":1,"column":160}},"2":{"start":{"line":1,"column":160},"end":{"line":1,"column":185}},"3":{"start":{"line":1,"column":204},"end":{"line":1,"column":227}},"4":{"start":{"line":2,"column":16},"end":{"line":2,"column":71}},"5":{"start":{"line":4,"column":13},"end":{"line":127,"column":26}},"6":{"start":{"line":131,"column":0},"end":{"line":131,"column":6}},"7":{"start":{"line":131,"column":7},"end":{"line":131,"column":34}}},"fnMap":{},"branchMap":{},"s":{"0":1,"1":1,"2":1,"3":1,"4":1,"5":1,"6":1,"7":1},"f":{},"b":{},"_coverageSchema":"43e27e138ebf9cfc5966b082cf9a028302ed4184","hash":"c9d4d87a76f38ea6192ff8d63f13425771cc438a"}
,"/Users/hienphung/ReactProjects/JobManagement/src/screens/job-list/JobListScreen.js": {"path":"/Users/hienphung/ReactProjects/JobManagement/src/screens/job-list/JobListScreen.js","statementMap":{"0":{"start":{"line":1,"column":42},"end":{"line":1,"column":97}},"1":{"start":{"line":1,"column":128},"end":{"line":1,"column":184}},"2":{"start":{"line":1,"column":185},"end":{"line":1,"column":247}},"3":{"start":{"line":1,"column":247},"end":{"line":1,"column":272}},"4":{"start":{"line":1,"column":288},"end":{"line":1,"column":353}},"5":{"start":{"line":1,"column":377},"end":{"line":1,"column":449}},"6":{"start":{"line":1,"column":470},"end":{"line":1,"column":539}},"7":{"start":{"line":1,"column":574},"end":{"line":1,"column":657}},"8":{"start":{"line":1,"column":681},"end":{"line":1,"column":753}},"9":{"start":{"line":1,"column":784},"end":{"line":1,"column":863}},"10":{"start":{"line":1,"column":881},"end":{"line":1,"column":947}},"11":{"start":{"line":1,"column":961},"end":{"line":1,"column":1002}},"12":{"start":{"line":2,"column":19},"end":{"line":2,"column":42}},"13":{"start":{"line":3,"column":14},"end":{"line":3,"column":57}},"14":{"start":{"line":4,"column":16},"end":{"line":4,"column":85}},"15":{"start":{"line":5,"column":18},"end":{"line":5,"column":40}},"16":{"start":{"line":6,"column":18},"end":{"line":6,"column":78}},"17":{"start":{"line":7,"column":16},"end":{"line":7,"column":38}},"18":{"start":{"line":8,"column":31},"end":{"line":8,"column":93}},"19":{"start":{"line":9,"column":18},"end":{"line":9,"column":92}},"20":{"start":{"line":9,"column":112},"end":{"line":9,"column":196}},"21":{"start":{"line":11,"column":0},"end":{"line":11,"column":37}},"22":{"start":{"line":11,"column":52},"end":{"line":11,"column":73}},"23":{"start":{"line":13,"column":16},"end":{"line":134,"column":50}},"24":{"start":{"line":13,"column":39},"end":{"line":13,"column":90}},"25":{"start":{"line":15,"column":43},"end":{"line":15,"column":94}},"26":{"start":{"line":16,"column":4},"end":{"line":16,"column":123}},"27":{"start":{"line":18,"column":4},"end":{"line":19,"column":30}},"28":{"start":{"line":22,"column":4},"end":{"line":22,"column":108}},"29":{"start":{"line":23,"column":4},"end":{"line":23,"column":110}},"30":{"start":{"line":24,"column":4},"end":{"line":24,"column":98}},"31":{"start":{"line":24,"column":98},"end":{"line":24,"column":111}},"32":{"start":{"line":25,"column":3},"end":{"line":134,"column":10}},"33":{"start":{"line":28,"column":6},"end":{"line":28,"column":79}},"34":{"start":{"line":29,"column":6},"end":{"line":29,"column":67}},"35":{"start":{"line":30,"column":6},"end":{"line":30,"column":83}},"36":{"start":{"line":31,"column":6},"end":{"line":31,"column":47}},"37":{"start":{"line":32,"column":6},"end":{"line":32,"column":69}},"38":{"start":{"line":36,"column":6},"end":{"line":36,"column":71}},"39":{"start":{"line":40,"column":6},"end":{"line":40,"column":51}},"40":{"start":{"line":43,"column":31},"end":{"line":43,"column":40}},"41":{"start":{"line":43,"column":49},"end":{"line":43,"column":59}},"42":{"start":{"line":44,"column":6},"end":{"line":53,"column":84}},"43":{"start":{"line":59,"column":18},"end":{"line":59,"column":22}},"44":{"start":{"line":60,"column":22},"end":{"line":60,"column":46}},"45":{"start":{"line":61,"column":6},"end":{"line":87,"column":7}},"46":{"start":{"line":62,"column":26},"end":{"line":62,"column":37}},"47":{"start":{"line":63,"column":24},"end":{"line":63,"column":35}},"48":{"start":{"line":64,"column":8},"end":{"line":84,"column":17}},"49":{"start":{"line":69,"column":14},"end":{"line":69,"column":35}},"50":{"start":{"line":88,"column":6},"end":{"line":88,"column":18}},"51":{"start":{"line":92,"column":24},"end":{"line":92,"column":68}},"52":{"start":{"line":93,"column":6},"end":{"line":95,"column":7}},"53":{"start":{"line":94,"column":8},"end":{"line":94,"column":83}},"54":{"start":{"line":99,"column":6},"end":{"line":104,"column":89}},"55":{"start":{"line":108,"column":18},"end":{"line":108,"column":22}},"56":{"start":{"line":109,"column":16},"end":{"line":109,"column":34}},"57":{"start":{"line":110,"column":6},"end":{"line":118,"column":7}},"58":{"start":{"line":111,"column":8},"end":{"line":115,"column":15}},"59":{"start":{"line":114,"column":12},"end":{"line":114,"column":58}},"60":{"start":{"line":122,"column":6},"end":{"line":122,"column":16}},"61":{"start":{"line":122,"column":32},"end":{"line":122,"column":56}},"62":{"start":{"line":122,"column":81},"end":{"line":122,"column":114}},"63":{"start":{"line":124,"column":6},"end":{"line":131,"column":32}},"64":{"start":{"line":134,"column":10},"end":{"line":134,"column":31}},"65":{"start":{"line":137,"column":22},"end":{"line":141,"column":35}},"66":{"start":{"line":137,"column":55},"end":{"line":141,"column":34}},"67":{"start":{"line":144,"column":0},"end":{"line":144,"column":56}},"68":{"start":{"line":144,"column":57},"end":{"line":144,"column":84}}},"fnMap":{"0":{"name":"(anonymous_0)","decl":{"start":{"line":13,"column":16},"end":{"line":13,"column":17}},"loc":{"start":{"line":13,"column":38},"end":{"line":134,"column":32}},"line":13},"1":{"name":"JobListScreen","decl":{"start":{"line":15,"column":11},"end":{"line":15,"column":24}},"loc":{"start":{"line":15,"column":32},"end":{"line":25,"column":3}},"line":15},"2":{"name":"componentDidMount","decl":{"start":{"line":25,"column":90},"end":{"line":25,"column":107}},"loc":{"start":{"line":27,"column":4},"end":{"line":33,"column":5}},"line":27},"3":{"name":"calendarOnItemPress","decl":{"start":{"line":33,"column":55},"end":{"line":33,"column":74}},"loc":{"start":{"line":35,"column":11},"end":{"line":37,"column":5}},"line":35},"4":{"name":"carouselOnSnapToItem","decl":{"start":{"line":37,"column":56},"end":{"line":37,"column":76}},"loc":{"start":{"line":39,"column":11},"end":{"line":41,"column":5}},"line":39},"5":{"name":"renderJobListImageItem","decl":{"start":{"line":41,"column":58},"end":{"line":41,"column":80}},"loc":{"start":{"line":43,"column":19},"end":{"line":57,"column":5}},"line":43},"6":{"name":"renderImageSlider","decl":{"start":{"line":57,"column":53},"end":{"line":57,"column":70}},"loc":{"start":{"line":59,"column":4},"end":{"line":89,"column":5}},"line":59},"7":{"name":"ref","decl":{"start":{"line":68,"column":26},"end":{"line":68,"column":29}},"loc":{"start":{"line":68,"column":33},"end":{"line":70,"column":13}},"line":68},"8":{"name":"onJobItemPress","decl":{"start":{"line":89,"column":50},"end":{"line":89,"column":64}},"loc":{"start":{"line":91,"column":25},"end":{"line":96,"column":5}},"line":91},"9":{"name":"renderJobsSection","decl":{"start":{"line":96,"column":53},"end":{"line":96,"column":70}},"loc":{"start":{"line":98,"column":18},"end":{"line":106,"column":5}},"line":98},"10":{"name":"renderJobsList","decl":{"start":{"line":106,"column":50},"end":{"line":106,"column":64}},"loc":{"start":{"line":108,"column":4},"end":{"line":119,"column":5}},"line":108},"11":{"name":"(anonymous_11)","decl":{"start":{"line":113,"column":22},"end":{"line":113,"column":23}},"loc":{"start":{"line":113,"column":46},"end":{"line":115,"column":11}},"line":113},"12":{"name":"render","decl":{"start":{"line":119,"column":42},"end":{"line":119,"column":48}},"loc":{"start":{"line":121,"column":4},"end":{"line":134,"column":5}},"line":121},"13":{"name":"mapStateToProps","decl":{"start":{"line":137,"column":31},"end":{"line":137,"column":46}},"loc":{"start":{"line":137,"column":54},"end":{"line":141,"column":35}},"line":137}},"branchMap":{"0":{"loc":{"start":{"line":61,"column":6},"end":{"line":87,"column":7}},"type":"if","locations":[{"start":{"line":61,"column":6},"end":{"line":87,"column":7}},{"start":{"line":61,"column":6},"end":{"line":87,"column":7}}],"line":61},"1":{"loc":{"start":{"line":61,"column":10},"end":{"line":61,"column":51}},"type":"binary-expr","locations":[{"start":{"line":61,"column":10},"end":{"line":61,"column":23}},{"start":{"line":61,"column":27},"end":{"line":61,"column":51}}],"line":61},"2":{"loc":{"start":{"line":77,"column":10},"end":{"line":84,"column":14}},"type":"cond-expr","locations":[{"start":{"line":78,"column":10},"end":{"line":83,"column":90}},{"start":{"line":84,"column":10},"end":{"line":84,"column":14}}],"line":77},"3":{"loc":{"start":{"line":93,"column":6},"end":{"line":95,"column":7}},"type":"if","locations":[{"start":{"line":93,"column":6},"end":{"line":95,"column":7}},{"start":{"line":93,"column":6},"end":{"line":95,"column":7}}],"line":93},"4":{"loc":{"start":{"line":110,"column":6},"end":{"line":118,"column":7}},"type":"if","locations":[{"start":{"line":110,"column":6},"end":{"line":118,"column":7}},{"start":{"line":110,"column":6},"end":{"line":118,"column":7}}],"line":110},"5":{"loc":{"start":{"line":110,"column":10},"end":{"line":110,"column":39}},"type":"binary-expr","locations":[{"start":{"line":110,"column":10},"end":{"line":110,"column":17}},{"start":{"line":110,"column":21},"end":{"line":110,"column":39}}],"line":110}},"s":{"0":1,"1":1,"2":1,"3":1,"4":1,"5":1,"6":1,"7":1,"8":1,"9":1,"10":1,"11":1,"12":1,"13":1,"14":1,"15":1,"16":1,"17":1,"18":1,"19":1,"20":1,"21":1,"22":1,"23":1,"24":1,"25":0,"26":0,"27":0,"28":0,"29":0,"30":0,"31":0,"32":1,"33":0,"34":0,"35":0,"36":0,"37":0,"38":0,"39":0,"40":0,"41":0,"42":0,"43":0,"44":0,"45":0,"46":0,"47":0,"48":0,"49":0,"50":0,"51":0,"52":0,"53":0,"54":0,"55":0,"56":0,"57":0,"58":0,"59":0,"60":0,"61":0,"62":0,"63":0,"64":1,"65":1,"66":0,"67":1,"68":1},"f":{"0":1,"1":0,"2":0,"3":0,"4":0,"5":0,"6":0,"7":0,"8":0,"9":0,"10":0,"11":0,"12":0,"13":0},"b":{"0":[0,0],"1":[0,0],"2":[0,0],"3":[0,0],"4":[0,0],"5":[0,0]},"_coverageSchema":"43e27e138ebf9cfc5966b082cf9a028302ed4184","hash":"5c5ba98e71ed63d2daff18ae6d8e41ab357d152c"}
,"/Users/hienphung/ReactProjects/JobManagement/src/screens/job-list/fake-data.js": {"path":"/Users/hienphung/ReactProjects/JobManagement/src/screens/job-list/fake-data.js","statementMap":{"0":{"start":{"line":1,"column":13},"end":{"line":1,"column":75}},"1":{"start":{"line":1,"column":75},"end":{"line":1,"column":149}},"2":{"start":{"line":1,"column":168},"end":{"line":35,"column":15}},"3":{"start":{"line":35,"column":16},"end":{"line":35,"column":52}},"4":{"start":{"line":39,"column":22},"end":{"line":50,"column":64}},"5":{"start":{"line":50,"column":65},"end":{"line":50,"column":107}},"6":{"start":{"line":54,"column":14},"end":{"line":170,"column":52}},"7":{"start":{"line":170,"column":53},"end":{"line":170,"column":79}}},"fnMap":{},"branchMap":{},"s":{"0":1,"1":1,"2":1,"3":1,"4":1,"5":1,"6":1,"7":1},"f":{},"b":{},"_coverageSchema":"43e27e138ebf9cfc5966b082cf9a028302ed4184","hash":"2c2a52b9bb5fe5f7e3a0ce53a1f971127aadf72d"}
,"/Users/hienphung/ReactProjects/JobManagement/src/screens/job-list/styles.js": {"path":"/Users/hienphung/ReactProjects/JobManagement/src/screens/job-list/styles.js","statementMap":{"0":{"start":{"line":1,"column":42},"end":{"line":1,"column":97}},"1":{"start":{"line":1,"column":98},"end":{"line":1,"column":160}},"2":{"start":{"line":1,"column":160},"end":{"line":1,"column":185}},"3":{"start":{"line":1,"column":204},"end":{"line":1,"column":227}},"4":{"start":{"line":2,"column":13},"end":{"line":2,"column":53}},"5":{"start":{"line":3,"column":16},"end":{"line":3,"column":71}},"6":{"start":{"line":5,"column":13},"end":{"line":50,"column":25}},"7":{"start":{"line":54,"column":0},"end":{"line":54,"column":6}},"8":{"start":{"line":54,"column":7},"end":{"line":54,"column":34}}},"fnMap":{},"branchMap":{},"s":{"0":1,"1":1,"2":1,"3":1,"4":1,"5":1,"6":1,"7":1,"8":1},"f":{},"b":{},"_coverageSchema":"43e27e138ebf9cfc5966b082cf9a028302ed4184","hash":"3bd37c6ba04441457556e445bde7bf396ffb1d8d"}
,"/Users/hienphung/ReactProjects/JobManagement/src/theme/AppTheme.js": {"path":"/Users/hienphung/ReactProjects/JobManagement/src/theme/AppTheme.js","statementMap":{"0":{"start":{"line":1,"column":13},"end":{"line":1,"column":75}},"1":{"start":{"line":1,"column":75},"end":{"line":1,"column":100}},"2":{"start":{"line":1,"column":115},"end":{"line":5,"column":23}},"3":{"start":{"line":9,"column":0},"end":{"line":9,"column":8}},"4":{"start":{"line":9,"column":9},"end":{"line":9,"column":36}}},"fnMap":{},"branchMap":{},"s":{"0":4,"1":4,"2":4,"3":4,"4":4},"f":{},"b":{},"_coverageSchema":"43e27e138ebf9cfc5966b082cf9a028302ed4184","hash":"5b1c3cc9e9b85cfd5ba80986ba6de43feec197a9"}
}
