TN:
SF:/Users/hienphung/ReactProjects/JobManagement/src/components/calendar/Calendar.js
FN:6,(anonymous_0)
FN:12,Calendar
FN:14,renderDate
FN:20,onPress
FN:34,render
FN:42,(anonymous_5)
FNF:6
FNH:3
FNDA:2,(anonymous_0)
FNDA:1,Calendar
FNDA:0,renderDate
FNDA:0,onPress
FNDA:1,render
FNDA:0,(anonymous_5)
DA:1,2
DA:2,2
DA:3,2
DA:4,2
DA:6,2
DA:12,1
DA:14,2
DA:17,0
DA:18,0
DA:19,0
DA:21,0
DA:29,0
DA:36,1
DA:37,1
DA:38,1
DA:39,0
DA:43,0
DA:54,1
DA:55,2
LF:19
LH:12
BRDA:18,0,0,0
BRDA:18,0,1,0
BRDA:21,1,0,0
BRDA:21,1,1,0
BRDA:38,2,0,0
BRDA:38,2,1,1
BRF:6
BRH:1
end_of_record
TN:
SF:/Users/hienphung/ReactProjects/JobManagement/src/components/calendar/styles.js
FNF:0
FNH:0
DA:1,2
DA:2,2
DA:4,2
DA:39,2
LF:4
LH:4
BRF:0
BRH:0
end_of_record
TN:
SF:/Users/hienphung/ReactProjects/JobManagement/src/components/job-section/JobSection.js
FN:11,(anonymous_0)
FN:13,JobSection
FN:21,renderItem
FN:27,onPress
FN:59,render
FN:72,onSnapToItem
FNF:6
FNH:3
FNDA:2,(anonymous_0)
FNDA:1,JobSection
FNDA:0,renderItem
FNDA:0,onPress
FNDA:1,render
FNDA:0,onSnapToItem
DA:1,2
DA:2,2
DA:3,2
DA:4,2
DA:5,2
DA:6,2
DA:8,2
DA:11,2
DA:13,1
DA:14,1
DA:16,1
DA:20,1
DA:21,2
DA:23,0
DA:24,0
DA:25,0
DA:28,0
DA:61,1
DA:62,1
DA:63,1
DA:64,0
DA:73,0
DA:77,2
LF:23
LH:17
BRDA:28,0,0,0
BRDA:28,0,1,0
BRDA:34,1,0,0
BRDA:34,1,1,0
BRDA:51,2,0,0
BRDA:51,2,1,0
BRDA:63,3,0,0
BRDA:63,3,1,1
BRDA:63,4,0,1
BRDA:63,4,1,0
BRF:10
BRH:2
end_of_record
TN:
SF:/Users/hienphung/ReactProjects/JobManagement/src/components/job-section/styles.js
FNF:0
FNH:0
DA:1,2
DA:2,2
DA:4,2
DA:112,2
LF:4
LH:4
BRF:0
BRH:0
end_of_record
TN:
SF:/Users/hienphung/ReactProjects/JobManagement/src/redux/jobs/action-types.js
FNF:0
FNH:0
DA:1,1
DA:8,1
LF:2
LH:2
BRF:0
BRH:0
end_of_record
TN:
SF:/Users/hienphung/ReactProjects/JobManagement/src/redux/jobs/actions.js
FN:3,setCalendarData
FN:8,setCalendarSelectedIndex
FN:13,setJobListImages
FN:18,setJobList
FNF:4
FNH:0
FNDA:0,setCalendarData
FNDA:0,setCalendarSelectedIndex
FNDA:0,setJobListImages
FNDA:0,setJobList
DA:1,1
DA:3,1
DA:5,1
DA:8,1
DA:10,1
DA:13,1
DA:15,1
DA:18,1
DA:20,1
LF:9
LH:9
BRF:0
BRH:0
end_of_record
TN:
SF:/Users/hienphung/ReactProjects/JobManagement/src/screens/job-detail/JobDetailScreen.js
FN:12,(anonymous_0)
FN:12,JobDetailScreen
FN:12,render
FN:75,(anonymous_3)
FN:78,mapStateToProps
FNF:5
FNH:1
FNDA:1,(anonymous_0)
FNDA:0,JobDetailScreen
FNDA:0,render
FNDA:0,(anonymous_3)
FNDA:0,mapStateToProps
DA:1,1
DA:2,1
DA:3,1
DA:4,1
DA:5,1
DA:6,1
DA:7,1
DA:8,1
DA:10,1
DA:12,1
DA:23,0
DA:24,0
DA:75,1
DA:78,1
DA:80,1
LF:15
LH:13
BRDA:33,0,0,0
BRDA:33,0,1,0
BRDA:38,1,0,0
BRDA:38,1,1,0
BRDA:75,2,0,0
BRDA:75,2,1,0
BRF:6
BRH:0
end_of_record
TN:
SF:/Users/hienphung/ReactProjects/JobManagement/src/screens/job-detail/styles.js
FNF:0
FNH:0
DA:1,1
DA:2,1
DA:4,1
DA:131,1
LF:4
LH:4
BRF:0
BRH:0
end_of_record
TN:
SF:/Users/hienphung/ReactProjects/JobManagement/src/screens/job-list/JobListScreen.js
FN:13,(anonymous_0)
FN:15,JobListScreen
FN:25,componentDidMount
FN:33,calendarOnItemPress
FN:37,carouselOnSnapToItem
FN:41,renderJobListImageItem
FN:57,renderImageSlider
FN:68,ref
FN:89,onJobItemPress
FN:96,renderJobsSection
FN:106,renderJobsList
FN:113,(anonymous_11)
FN:119,render
FN:137,mapStateToProps
FNF:14
FNH:1
FNDA:1,(anonymous_0)
FNDA:0,JobListScreen
FNDA:0,componentDidMount
FNDA:0,calendarOnItemPress
FNDA:0,carouselOnSnapToItem
FNDA:0,renderJobListImageItem
FNDA:0,renderImageSlider
FNDA:0,ref
FNDA:0,onJobItemPress
FNDA:0,renderJobsSection
FNDA:0,renderJobsList
FNDA:0,(anonymous_11)
FNDA:0,render
FNDA:0,mapStateToProps
DA:1,1
DA:2,1
DA:3,1
DA:4,1
DA:5,1
DA:6,1
DA:7,1
DA:8,1
DA:9,1
DA:11,1
DA:13,1
DA:15,0
DA:16,0
DA:18,0
DA:22,0
DA:23,0
DA:24,0
DA:25,1
DA:28,0
DA:29,0
DA:30,0
DA:31,0
DA:32,0
DA:36,0
DA:40,0
DA:43,0
DA:44,0
DA:59,0
DA:60,0
DA:61,0
DA:62,0
DA:63,0
DA:64,0
DA:69,0
DA:88,0
DA:92,0
DA:93,0
DA:94,0
DA:99,0
DA:108,0
DA:109,0
DA:110,0
DA:111,0
DA:114,0
DA:122,0
DA:124,0
DA:134,1
DA:137,1
DA:144,1
LF:49
LH:15
BRDA:61,0,0,0
BRDA:61,0,1,0
BRDA:61,1,0,0
BRDA:61,1,1,0
BRDA:77,2,0,0
BRDA:77,2,1,0
BRDA:93,3,0,0
BRDA:93,3,1,0
BRDA:110,4,0,0
BRDA:110,4,1,0
BRDA:110,5,0,0
BRDA:110,5,1,0
BRF:12
BRH:0
end_of_record
TN:
SF:/Users/hienphung/ReactProjects/JobManagement/src/screens/job-list/fake-data.js
FNF:0
FNH:0
DA:1,1
DA:35,1
DA:39,1
DA:50,1
DA:54,1
DA:170,1
LF:6
LH:6
BRF:0
BRH:0
end_of_record
TN:
SF:/Users/hienphung/ReactProjects/JobManagement/src/screens/job-list/styles.js
FNF:0
FNH:0
DA:1,1
DA:2,1
DA:3,1
DA:5,1
DA:54,1
LF:5
LH:5
BRF:0
BRH:0
end_of_record
TN:
SF:/Users/hienphung/ReactProjects/JobManagement/src/theme/AppTheme.js
FNF:0
FNH:0
DA:1,4
DA:9,4
LF:2
LH:2
BRF:0
BRH:0
end_of_record
